<?xml version="1.0" encoding="UTF-8"?>
<!-- Generated by org.testng.reporters.JUnitReportReporter -->
<testsuite hostname="DESKTOP-SIB3JK6" failures="0" tests="1" name="Test.RegisterTestExecution" time="6.182" errors="0" timestamp="2022-11-16T12:59:21 IST" skipped="0">
  <testcase classname="Test.RegisterTestExecution" name="Register" time="6.182"/>
  <system-out/>
</testsuite> <!-- Test.RegisterTestExecution -->
