<?xml version="1.0" encoding="UTF-8"?>
<!-- Generated by org.testng.reporters.JUnitReportReporter -->
<testsuite hostname="DESKTOP-SIB3JK6" failures="0" tests="1" name="Test.HomeTest" time="2.879" errors="0" timestamp="2022-11-17T11:58:57 IST" skipped="0">
  <testcase classname="Test.HomeTest" name="home" time="2.879"/>
  <system-out/>
</testsuite> <!-- Test.HomeTest -->
