<?xml version="1.0" encoding="UTF-8"?>
<!-- Generated by org.testng.reporters.JUnitReportReporter -->
<testsuite hostname="DESKTOP-SIB3JK6" failures="0" tests="1" name="Test.RegisterTest" time="5.293" errors="0" timestamp="2022-11-16T18:16:07 IST" skipped="0">
  <testcase classname="Test.RegisterTest" name="Register" time="5.293"/>
  <system-out>
    <![CDATA[Register page is displayed
Female Gender is selected
FirstName is entered into FirstNameTextfield
LastName is entered into LastNameTextfield
Email is entered into EmailTextfield
Password is entered into PasswordTextfield
Confirmpassword is entered into confirmpasswordTextfield]]>
  </system-out>
</testsuite> <!-- Test.RegisterTest -->
