<?xml version="1.0" encoding="UTF-8"?>
<!-- Generated by org.testng.reporters.JUnitReportReporter -->
<testsuite hostname="DESKTOP-SIB3JK6" failures="0" tests="1" name="Test.LoginTest" time="1.460" errors="0" timestamp="2022-11-16T14:41:36 IST" skipped="0">
  <testcase classname="Test.LoginTest" name="login" time="1.460"/>
  <system-out/>
</testsuite> <!-- Test.LoginTest -->
